Scoring of model for each iteration
[0.3333333333333333, 0.26666666666666666, 0.5333333333333333, 0.3333333333333333, 0.26666666666666666, 0.3333333333333333, 0.2, 0.21428571428571427, 0.42857142857142855, 0.42857142857142855]
Mean of model iterations: 0.3338095238095238
testing performance:	 36 / 97 	ratio: 0.37
full performance:	 134 / 194 	ratio: 0.69
Scoring of model for each iteration
[0.4, 0.26666666666666666, 0.5333333333333333, 0.26666666666666666, 0.26666666666666666, 0.26666666666666666, 0.26666666666666666, 0.21428571428571427, 0.42857142857142855, 0.5]
Mean of model iterations: 0.34095238095238095
testing performance:	 33 / 97 	ratio: 0.34
full performance:	 130 / 194 	ratio: 0.67
Scoring of model for each iteration
[0.4, 0.4, 0.4666666666666667, 0.3333333333333333, 0.26666666666666666, 0.26666666666666666, 0.13333333333333333, 0.21428571428571427, 0.42857142857142855, 0.42857142857142855]
Mean of model iterations: 0.3338095238095238
testing performance:	 37 / 97 	ratio: 0.38
full performance:	 135 / 194 	ratio: 0.7
Scoring of model for each iteration
[0.3333333333333333, 0.3333333333333333, 0.5333333333333333, 0.26666666666666666, 0.26666666666666666, 0.2, 0.3333333333333333, 0.21428571428571427, 0.35714285714285715, 0.42857142857142855]
Mean of model iterations: 0.32666666666666666
testing performance:	 30 / 97 	ratio: 0.31
full performance:	 128 / 194 	ratio: 0.66
Scoring of model for each iteration
[0.4, 0.3333333333333333, 0.4666666666666667, 0.26666666666666666, 0.26666666666666666, 0.26666666666666666, 0.3333333333333333, 0.2857142857142857, 0.35714285714285715, 0.5]
Mean of model iterations: 0.3476190476190476
testing performance:	 38 / 97 	ratio: 0.39
full performance:	 135 / 194 	ratio: 0.7
Scoring of model for each iteration
[0.4, 0.26666666666666666, 0.4, 0.3333333333333333, 0.26666666666666666, 0.26666666666666666, 0.2, 0.35714285714285715, 0.21428571428571427, 0.42857142857142855]
Mean of model iterations: 0.31333333333333335
testing performance:	 33 / 97 	ratio: 0.34
full performance:	 130 / 194 	ratio: 0.67
