Scoring of model for each iteration
[0.2777777777777778, 0.6666666666666666, 0.7058823529411765, 0.4117647058823529, 0.23529411764705882, 0.35294117647058826, 0.17647058823529413, 0.29411764705882354, 0.35294117647058826, 0.4117647058823529]
Mean of model iterations: 0.3885620915032679
testing performance:	 30 / 72 	ratio: 0.42
full performance:	 150 / 194 	ratio: 0.77
Scoring of model for each iteration
[0.4444444444444444, 0.7222222222222222, 0.5882352941176471, 0.47058823529411764, 0.23529411764705882, 0.35294117647058826, 0.23529411764705882, 0.29411764705882354, 0.47058823529411764, 0.47058823529411764]
Mean of model iterations: 0.4284313725490196
testing performance:	 32 / 72 	ratio: 0.44
full performance:	 150 / 194 	ratio: 0.77
Scoring of model for each iteration
[0.2777777777777778, 0.7222222222222222, 0.7058823529411765, 0.5294117647058824, 0.35294117647058826, 0.29411764705882354, 0.17647058823529413, 0.29411764705882354, 0.4117647058823529, 0.4117647058823529]
Mean of model iterations: 0.41764705882352937
testing performance:	 33 / 72 	ratio: 0.46
full performance:	 151 / 194 	ratio: 0.78
Scoring of model for each iteration
[0.3333333333333333, 0.6666666666666666, 0.7058823529411765, 0.5294117647058824, 0.35294117647058826, 0.4117647058823529, 0.29411764705882354, 0.29411764705882354, 0.4117647058823529, 0.47058823529411764]
Mean of model iterations: 0.4470588235294117
testing performance:	 32 / 72 	ratio: 0.44
full performance:	 151 / 194 	ratio: 0.78
Scoring of model for each iteration
[0.3888888888888889, 0.7222222222222222, 0.7058823529411765, 0.5294117647058824, 0.23529411764705882, 0.23529411764705882, 0.17647058823529413, 0.35294117647058826, 0.4117647058823529, 0.47058823529411764]
Mean of model iterations: 0.42287581699346405
testing performance:	 29 / 72 	ratio: 0.4
full performance:	 148 / 194 	ratio: 0.76
