Scoring of model for each iteration
[0.3888888888888889, 0.3333333333333333, 0.47058823529411764, 0.47058823529411764, 0.4117647058823529, 0.17647058823529413, 0.29411764705882354, 0.29411764705882354, 0.35294117647058826, 0.4117647058823529]
Mean of model iterations: 0.3604575163398692
testing performance:	 24 / 72 	ratio: 0.33
full performance:	 149 / 194 	ratio: 0.77
Scoring of model for each iteration
[0.3888888888888889, 0.3333333333333333, 0.47058823529411764, 0.5294117647058824, 0.35294117647058826, 0.23529411764705882, 0.23529411764705882, 0.23529411764705882, 0.35294117647058826, 0.4117647058823529]
Mean of model iterations: 0.3545751633986928
testing performance:	 29 / 72 	ratio: 0.4
full performance:	 152 / 194 	ratio: 0.78
Scoring of model for each iteration
[0.3888888888888889, 0.3333333333333333, 0.47058823529411764, 0.4117647058823529, 0.29411764705882354, 0.35294117647058826, 0.23529411764705882, 0.4117647058823529, 0.29411764705882354, 0.4117647058823529]
Mean of model iterations: 0.3604575163398692
testing performance:	 23 / 72 	ratio: 0.32
full performance:	 149 / 194 	ratio: 0.77
Scoring of model for each iteration
[0.3888888888888889, 0.3888888888888889, 0.4117647058823529, 0.47058823529411764, 0.4117647058823529, 0.23529411764705882, 0.17647058823529413, 0.35294117647058826, 0.35294117647058826, 0.4117647058823529]
Mean of model iterations: 0.3601307189542483
testing performance:	 29 / 72 	ratio: 0.4
full performance:	 151 / 194 	ratio: 0.78
Scoring of model for each iteration
[0.3888888888888889, 0.4444444444444444, 0.4117647058823529, 0.5294117647058824, 0.4117647058823529, 0.29411764705882354, 0.35294117647058826, 0.35294117647058826, 0.29411764705882354, 0.4117647058823529]
Mean of model iterations: 0.38921568627450975
testing performance:	 30 / 72 	ratio: 0.42
full performance:	 154 / 194 	ratio: 0.79
