Scoring of model for each iteration
[0.2777777777777778, 0.5, 0.4117647058823529, 0.4117647058823529, 0.35294117647058826, 0.29411764705882354, 0.23529411764705882, 0.29411764705882354, 0.29411764705882354, 0.5294117647058824]
Mean of model iterations: 0.3601307189542483
testing performance:	 30 / 72 	ratio: 0.42
full performance:	 153 / 194 	ratio: 0.79
Scoring of model for each iteration
[0.2777777777777778, 0.4444444444444444, 0.5294117647058824, 0.5294117647058824, 0.4117647058823529, 0.23529411764705882, 0.29411764705882354, 0.29411764705882354, 0.35294117647058826, 0.47058823529411764]
Mean of model iterations: 0.38398692810457513
testing performance:	 33 / 72 	ratio: 0.46
full performance:	 157 / 194 	ratio: 0.81
Scoring of model for each iteration
[0.2777777777777778, 0.4444444444444444, 0.47058823529411764, 0.5294117647058824, 0.35294117647058826, 0.35294117647058826, 0.23529411764705882, 0.23529411764705882, 0.23529411764705882, 0.4117647058823529]
Mean of model iterations: 0.3545751633986928
testing performance:	 28 / 72 	ratio: 0.39
full performance:	 153 / 194 	ratio: 0.79
Scoring of model for each iteration
[0.3888888888888889, 0.5, 0.4117647058823529, 0.5294117647058824, 0.4117647058823529, 0.35294117647058826, 0.23529411764705882, 0.29411764705882354, 0.29411764705882354, 0.47058823529411764]
Mean of model iterations: 0.38888888888888884
testing performance:	 33 / 72 	ratio: 0.46
full performance:	 157 / 194 	ratio: 0.81
Scoring of model for each iteration
[0.2777777777777778, 0.5, 0.4117647058823529, 0.5882352941176471, 0.35294117647058826, 0.35294117647058826, 0.17647058823529413, 0.23529411764705882, 0.29411764705882354, 0.47058823529411764]
Mean of model iterations: 0.3660130718954248
testing performance:	 32 / 72 	ratio: 0.44
full performance:	 155 / 194 	ratio: 0.8
