Scoring of model for each iteration
[0.4444444444444444, 0.35294117647058826, 0.47058823529411764, 0.4117647058823529, 0.4117647058823529, 0.23529411764705882, 0.4117647058823529, 0.23529411764705882, 0.35294117647058826, 0.23529411764705882]
Mean of model iterations: 0.35620915032679734
testing performance:	 30 / 73 	ratio: 0.41
full performance:	 150 / 194 	ratio: 0.77
Scoring of model for each iteration
[0.4444444444444444, 0.4117647058823529, 0.4117647058823529, 0.4117647058823529, 0.35294117647058826, 0.23529411764705882, 0.29411764705882354, 0.29411764705882354, 0.35294117647058826, 0.29411764705882354]
Mean of model iterations: 0.3503267973856209
testing performance:	 33 / 73 	ratio: 0.45
full performance:	 153 / 194 	ratio: 0.79
Scoring of model for each iteration
[0.5555555555555556, 0.4117647058823529, 0.4117647058823529, 0.35294117647058826, 0.4117647058823529, 0.17647058823529413, 0.35294117647058826, 0.29411764705882354, 0.35294117647058826, 0.23529411764705882]
Mean of model iterations: 0.3555555555555555
testing performance:	 29 / 73 	ratio: 0.4
full performance:	 151 / 194 	ratio: 0.78
Scoring of model for each iteration
[0.5555555555555556, 0.47058823529411764, 0.47058823529411764, 0.47058823529411764, 0.35294117647058826, 0.17647058823529413, 0.4117647058823529, 0.29411764705882354, 0.29411764705882354, 0.23529411764705882]
Mean of model iterations: 0.3732026143790849
testing performance:	 32 / 73 	ratio: 0.44
full performance:	 153 / 194 	ratio: 0.79
Scoring of model for each iteration
[0.4444444444444444, 0.29411764705882354, 0.4117647058823529, 0.47058823529411764, 0.4117647058823529, 0.23529411764705882, 0.35294117647058826, 0.29411764705882354, 0.35294117647058826, 0.29411764705882354]
Mean of model iterations: 0.35620915032679734
testing performance:	 31 / 73 	ratio: 0.42
full performance:	 150 / 194 	ratio: 0.77
