Scoring of model for each iteration
[0.3333333333333333, 0.5882352941176471, 0.5294117647058824, 0.4117647058823529, 0.4117647058823529, 0.4117647058823529, 0.23529411764705882, 0.4117647058823529, 0.23529411764705882, 0.23529411764705882]
Mean of model iterations: 0.3803921568627451
testing performance:	 32 / 73 	ratio: 0.44
full performance:	 154 / 194 	ratio: 0.79
Scoring of model for each iteration
[0.3333333333333333, 0.5294117647058824, 0.47058823529411764, 0.47058823529411764, 0.4117647058823529, 0.4117647058823529, 0.17647058823529413, 0.4117647058823529, 0.29411764705882354, 0.23529411764705882]
Mean of model iterations: 0.3745098039215686
testing performance:	 28 / 73 	ratio: 0.38
full performance:	 150 / 194 	ratio: 0.77
Scoring of model for each iteration
[0.3333333333333333, 0.5882352941176471, 0.5294117647058824, 0.47058823529411764, 0.4117647058823529, 0.4117647058823529, 0.23529411764705882, 0.4117647058823529, 0.23529411764705882, 0.23529411764705882]
Mean of model iterations: 0.3862745098039216
testing performance:	 32 / 73 	ratio: 0.44
full performance:	 154 / 194 	ratio: 0.79
Scoring of model for each iteration
[0.3333333333333333, 0.5294117647058824, 0.5882352941176471, 0.4117647058823529, 0.4117647058823529, 0.35294117647058826, 0.35294117647058826, 0.4117647058823529, 0.29411764705882354, 0.23529411764705882]
Mean of model iterations: 0.39215686274509803
testing performance:	 27 / 73 	ratio: 0.37
full performance:	 151 / 194 	ratio: 0.78
Scoring of model for each iteration
[0.3333333333333333, 0.5294117647058824, 0.5294117647058824, 0.47058823529411764, 0.4117647058823529, 0.4117647058823529, 0.23529411764705882, 0.47058823529411764, 0.17647058823529413, 0.29411764705882354]
Mean of model iterations: 0.38627450980392153
testing performance:	 29 / 73 	ratio: 0.4
full performance:	 153 / 194 	ratio: 0.79
