Scoring of model for each iteration
[0.4444444444444444, 0.5555555555555556, 0.5882352941176471, 0.4117647058823529, 0.47058823529411764, 0.29411764705882354, 0.35294117647058826, 0.29411764705882354, 0.23529411764705882, 0.29411764705882354]
Mean of model iterations: 0.3941176470588235
testing performance:	 28 / 72 	ratio: 0.39
full performance:	 151 / 194 	ratio: 0.78
Scoring of model for each iteration
[0.3333333333333333, 0.5555555555555556, 0.6470588235294118, 0.29411764705882354, 0.35294117647058826, 0.4117647058823529, 0.4117647058823529, 0.17647058823529413, 0.29411764705882354, 0.35294117647058826]
Mean of model iterations: 0.38300653594771233
testing performance:	 28 / 72 	ratio: 0.39
full performance:	 152 / 194 	ratio: 0.78
Scoring of model for each iteration
[0.3888888888888889, 0.6111111111111112, 0.5294117647058824, 0.35294117647058826, 0.4117647058823529, 0.4117647058823529, 0.4117647058823529, 0.23529411764705882, 0.23529411764705882, 0.35294117647058826]
Mean of model iterations: 0.3941176470588235
testing performance:	 26 / 72 	ratio: 0.36
full performance:	 149 / 194 	ratio: 0.77
Scoring of model for each iteration
[0.4444444444444444, 0.5555555555555556, 0.5294117647058824, 0.35294117647058826, 0.35294117647058826, 0.47058823529411764, 0.29411764705882354, 0.23529411764705882, 0.29411764705882354, 0.23529411764705882]
Mean of model iterations: 0.3764705882352941
testing performance:	 27 / 72 	ratio: 0.38
full performance:	 149 / 194 	ratio: 0.77
Scoring of model for each iteration
[0.3888888888888889, 0.5555555555555556, 0.5882352941176471, 0.35294117647058826, 0.4117647058823529, 0.4117647058823529, 0.35294117647058826, 0.23529411764705882, 0.23529411764705882, 0.29411764705882354]
Mean of model iterations: 0.3826797385620915
testing performance:	 24 / 72 	ratio: 0.33
full performance:	 146 / 194 	ratio: 0.75
