Scoring of model for each iteration
[0.3888888888888889, 0.3888888888888889, 0.4117647058823529, 0.23529411764705882, 0.4117647058823529, 0.35294117647058826, 0.17647058823529413, 0.35294117647058826, 0.35294117647058826, 0.4117647058823529]
Mean of model iterations: 0.3483660130718954
testing performance:	 33 / 72 	ratio: 0.46
full performance:	 146 / 194 	ratio: 0.75
Scoring of model for each iteration
[0.4444444444444444, 0.3888888888888889, 0.47058823529411764, 0.35294117647058826, 0.47058823529411764, 0.35294117647058826, 0.4117647058823529, 0.29411764705882354, 0.47058823529411764, 0.4117647058823529]
Mean of model iterations: 0.4068627450980392
testing performance:	 33 / 72 	ratio: 0.46
full performance:	 145 / 194 	ratio: 0.75
Scoring of model for each iteration
[0.3333333333333333, 0.3333333333333333, 0.4117647058823529, 0.29411764705882354, 0.4117647058823529, 0.35294117647058826, 0.23529411764705882, 0.23529411764705882, 0.35294117647058826, 0.4117647058823529]
Mean of model iterations: 0.33725490196078434
testing performance:	 30 / 72 	ratio: 0.42
full performance:	 142 / 194 	ratio: 0.73
Scoring of model for each iteration
[0.4444444444444444, 0.2777777777777778, 0.5882352941176471, 0.35294117647058826, 0.47058823529411764, 0.35294117647058826, 0.29411764705882354, 0.35294117647058826, 0.47058823529411764, 0.4117647058823529]
Mean of model iterations: 0.4016339869281046
testing performance:	 32 / 72 	ratio: 0.44
full performance:	 144 / 194 	ratio: 0.74
Scoring of model for each iteration
[0.3888888888888889, 0.3333333333333333, 0.5882352941176471, 0.35294117647058826, 0.35294117647058826, 0.35294117647058826, 0.23529411764705882, 0.29411764705882354, 0.5882352941176471, 0.4117647058823529]
Mean of model iterations: 0.38986928104575164
testing performance:	 32 / 72 	ratio: 0.44
full performance:	 144 / 194 	ratio: 0.74
Scoring of model for each iteration
[0.3333333333333333, 0.2777777777777778, 0.47058823529411764, 0.35294117647058826, 0.5294117647058824, 0.35294117647058826, 0.23529411764705882, 0.35294117647058826, 0.4117647058823529, 0.4117647058823529]
Mean of model iterations: 0.37287581699346406
testing performance:	 31 / 72 	ratio: 0.43
full performance:	 143 / 194 	ratio: 0.74
