Scoring of model for each iteration
[0.5, 0.6111111111111112, 0.6470588235294118, 0.5294117647058824, 0.47058823529411764, 0.29411764705882354, 0.47058823529411764, 0.29411764705882354, 0.29411764705882354, 0.4117647058823529]
Mean of model iterations: 0.4522875816993464
testing performance:	 24 / 72 	ratio: 0.33
full performance:	 147 / 194 	ratio: 0.76
Scoring of model for each iteration
[0.5, 0.5, 0.7058823529411765, 0.6470588235294118, 0.47058823529411764, 0.23529411764705882, 0.5882352941176471, 0.29411764705882354, 0.29411764705882354, 0.4117647058823529]
Mean of model iterations: 0.4647058823529412
testing performance:	 27 / 72 	ratio: 0.38
full performance:	 150 / 194 	ratio: 0.77
Scoring of model for each iteration
[0.5, 0.5555555555555556, 0.5882352941176471, 0.6470588235294118, 0.47058823529411764, 0.35294117647058826, 0.5294117647058824, 0.23529411764705882, 0.29411764705882354, 0.4117647058823529]
Mean of model iterations: 0.4584967320261438
testing performance:	 28 / 72 	ratio: 0.39
full performance:	 153 / 194 	ratio: 0.79
Scoring of model for each iteration
[0.4444444444444444, 0.6666666666666666, 0.6470588235294118, 0.5882352941176471, 0.47058823529411764, 0.4117647058823529, 0.47058823529411764, 0.29411764705882354, 0.29411764705882354, 0.4117647058823529]
Mean of model iterations: 0.4699346405228758
testing performance:	 27 / 72 	ratio: 0.38
full performance:	 151 / 194 	ratio: 0.78
Scoring of model for each iteration
[0.4444444444444444, 0.5, 0.7058823529411765, 0.47058823529411764, 0.47058823529411764, 0.23529411764705882, 0.5294117647058824, 0.23529411764705882, 0.29411764705882354, 0.4117647058823529]
Mean of model iterations: 0.42973856209150324
testing performance:	 26 / 72 	ratio: 0.36
full performance:	 149 / 194 	ratio: 0.77
