Scoring of model for each iteration
[0.35, 0.55, 0.45, 0.25, 0.45, 0.42105263157894735, 0.15789473684210525, 0.2631578947368421, 0.2631578947368421, 0.5789473684210527]
Mean of model iterations: 0.373421052631579
testing performance:	 22 / 49 	ratio: 0.45
full performance:	 171 / 194 	ratio: 0.88
Scoring of model for each iteration
[0.4, 0.5, 0.5, 0.3, 0.45, 0.47368421052631576, 0.21052631578947367, 0.3684210526315789, 0.3157894736842105, 0.47368421052631576]
Mean of model iterations: 0.3992105263157895
testing performance:	 20 / 49 	ratio: 0.41
full performance:	 170 / 194 	ratio: 0.88
Scoring of model for each iteration
[0.35, 0.55, 0.45, 0.3, 0.45, 0.3684210526315789, 0.2631578947368421, 0.42105263157894735, 0.2631578947368421, 0.42105263157894735]
Mean of model iterations: 0.38368421052631574
testing performance:	 20 / 49 	ratio: 0.41
full performance:	 168 / 194 	ratio: 0.87
Scoring of model for each iteration
[0.35, 0.45, 0.4, 0.35, 0.5, 0.42105263157894735, 0.2631578947368421, 0.3684210526315789, 0.3157894736842105, 0.3684210526315789]
Mean of model iterations: 0.3786842105263158
testing performance:	 18 / 49 	ratio: 0.37
full performance:	 167 / 194 	ratio: 0.86
Scoring of model for each iteration
[0.35, 0.55, 0.45, 0.45, 0.4, 0.42105263157894735, 0.2631578947368421, 0.42105263157894735, 0.2631578947368421, 0.42105263157894735]
Mean of model iterations: 0.3989473684210526
testing performance:	 19 / 49 	ratio: 0.39
full performance:	 166 / 194 	ratio: 0.86
Scoring of model for each iteration
[0.35, 0.45, 0.45, 0.25, 0.45, 0.3684210526315789, 0.2631578947368421, 0.3157894736842105, 0.3157894736842105, 0.5263157894736842]
Mean of model iterations: 0.37394736842105264
testing performance:	 18 / 49 	ratio: 0.37
full performance:	 169 / 194 	ratio: 0.87
